[INFO] Scanning for projects...
[INFO] 
[INFO] --------------------< com.bigsofa:bigsofa-backend >---------------------
[INFO] Building bigsofa-backend 0.0.1-SNAPSHOT
[INFO]   from pom.xml
[INFO] --------------------------------[ jar ]---------------------------------
[INFO] 
[INFO] >>> spring-boot:3.4.2:run (default-cli) > test-compile @ bigsofa-backend >>>
[INFO] 
[INFO] --- resources:3.3.1:resources (default-resources) @ bigsofa-backend ---
[INFO] Copying 1 resource from src/main/resources to target/classes
[INFO] Copying 1 resource from src/main/resources to target/classes
[INFO] 
[INFO] --- compiler:3.13.0:compile (default-compile) @ bigsofa-backend ---
[INFO] Nothing to compile - all classes are up to date.
[INFO] 
[INFO] --- resources:3.3.1:testResources (default-testResources) @ bigsofa-backend ---
[INFO] Copying 0 resource from src/test/resources to target/test-classes
[INFO] 
[INFO] --- compiler:3.13.0:testCompile (default-testCompile) @ bigsofa-backend ---
[INFO] Nothing to compile - all classes are up to date.
[INFO] 
[INFO] <<< spring-boot:3.4.2:run (default-cli) < test-compile @ bigsofa-backend <<<
[INFO] 
[INFO] 
[INFO] --- spring-boot:3.4.2:run (default-cli) @ bigsofa-backend ---
[INFO] Attaching agents: []

  .   ____          _            __ _ _
 /\\ / ___'_ __ _ _(_)_ __  __ _ \ \ \ \
( ( )\___ | '_ | '_| | '_ \/ _` | \ \ \ \
 \\/  ___)| |_)| | | | | || (_| |  ) ) ) )
  '  |____| .__|_| |_|_| |_\__, | / / / /
 =========|_|==============|___/=/_/_/_/

 :: Spring Boot ::                (v3.4.2)

2025-10-28T17:47:11.230+03:00  INFO 1216843 --- [bigsofa-backend] [           main] c.b.backend.BigsofaBackendApplication    : Starting BigsofaBackendApplication using Java 23.0.2 with PID 1216843 (/home/wankyo/Desktop/Bigsofa/backend/bigsofa-backend/target/classes started by wankyo in /home/wankyo/Desktop/Bigsofa/backend/bigsofa-backend)
2025-10-28T17:47:11.233+03:00  INFO 1216843 --- [bigsofa-backend] [           main] c.b.backend.BigsofaBackendApplication    : No active profile set, falling back to 1 default profile: "default"
2025-10-28T17:47:12.002+03:00  INFO 1216843 --- [bigsofa-backend] [           main] .s.d.r.c.RepositoryConfigurationDelegate : Bootstrapping Spring Data JPA repositories in DEFAULT mode.
2025-10-28T17:47:12.088+03:00  INFO 1216843 --- [bigsofa-backend] [           main] .s.d.r.c.RepositoryConfigurationDelegate : Finished Spring Data repository scanning in 69 ms. Found 3 JPA repository interfaces.
2025-10-28T17:47:12.567+03:00  INFO 1216843 --- [bigsofa-backend] [           main] o.s.b.w.embedded.tomcat.TomcatWebServer  : Tomcat initialized with port 8080 (http)
2025-10-28T17:47:12.583+03:00  INFO 1216843 --- [bigsofa-backend] [           main] o.apache.catalina.core.StandardService   : Starting service [Tomcat]
2025-10-28T17:47:12.584+03:00  INFO 1216843 --- [bigsofa-backend] [           main] o.apache.catalina.core.StandardEngine    : Starting Servlet engine: [Apache Tomcat/10.1.34]
2025-10-28T17:47:12.639+03:00  INFO 1216843 --- [bigsofa-backend] [           main] o.a.c.c.C.[Tomcat].[localhost].[/]       : Initializing Spring embedded WebApplicationContext
2025-10-28T17:47:12.642+03:00  INFO 1216843 --- [bigsofa-backend] [           main] w.s.c.ServletWebServerApplicationContext : Root WebApplicationContext: initialization completed in 1332 ms
2025-10-28T17:47:12.777+03:00  INFO 1216843 --- [bigsofa-backend] [           main] o.hibernate.jpa.internal.util.LogHelper  : HHH000204: Processing PersistenceUnitInfo [name: default]
2025-10-28T17:47:12.828+03:00  INFO 1216843 --- [bigsofa-backend] [           main] org.hibernate.Version                    : HHH000412: Hibernate ORM core version 6.6.5.Final
2025-10-28T17:47:12.863+03:00  INFO 1216843 --- [bigsofa-backend] [           main] o.h.c.internal.RegionFactoryInitiator    : HHH000026: Second-level cache disabled
2025-10-28T17:47:13.141+03:00  INFO 1216843 --- [bigsofa-backend] [           main] o.s.o.j.p.SpringPersistenceUnitInfo      : No LoadTimeWeaver setup: ignoring JPA class transformer
2025-10-28T17:47:13.173+03:00  INFO 1216843 --- [bigsofa-backend] [           main] com.zaxxer.hikari.HikariDataSource       : HikariPool-1 - Starting...
2025-10-28T17:47:13.633+03:00  INFO 1216843 --- [bigsofa-backend] [           main] com.zaxxer.hikari.pool.HikariPool        : HikariPool-1 - Added connection org.postgresql.jdbc.PgConnection@55044b34
2025-10-28T17:47:13.635+03:00  INFO 1216843 --- [bigsofa-backend] [           main] com.zaxxer.hikari.HikariDataSource       : HikariPool-1 - Start completed.
2025-10-28T17:47:13.658+03:00  WARN 1216843 --- [bigsofa-backend] [           main] org.hibernate.orm.deprecation            : HHH90000025: PostgreSQLDialect does not need to be specified explicitly using 'hibernate.dialect' (remove the property setting and it will be selected by default)
2025-10-28T17:47:13.674+03:00  INFO 1216843 --- [bigsofa-backend] [           main] org.hibernate.orm.connections.pooling    : HHH10001005: Database info:
	Database JDBC URL [Connecting through datasource 'HikariDataSource (HikariPool-1)']
	Database driver: undefined/unknown
	Database version: 16.3
	Autocommit mode: undefined/unknown
	Isolation level: undefined/unknown
	Minimum pool size: undefined/unknown
	Maximum pool size: undefined/unknown
2025-10-28T17:47:14.670+03:00  INFO 1216843 --- [bigsofa-backend] [           main] o.h.e.t.j.p.i.JtaPlatformInitiator       : HHH000489: No JTA platform available (set 'hibernate.transaction.jta.platform' to enable JTA platform integration)
2025-10-28T17:47:14.993+03:00  INFO 1216843 --- [bigsofa-backend] [           main] j.LocalContainerEntityManagerFactoryBean : Initialized JPA EntityManagerFactory for persistence unit 'default'
2025-10-28T17:47:15.491+03:00  WARN 1216843 --- [bigsofa-backend] [           main] JpaBaseConfiguration$JpaWebConfiguration : spring.jpa.open-in-view is enabled by default. Therefore, database queries may be performed during view rendering. Explicitly configure spring.jpa.open-in-view to disable this warning
2025-10-28T17:47:15.844+03:00  INFO 1216843 --- [bigsofa-backend] [           main] o.s.b.w.embedded.tomcat.TomcatWebServer  : Tomcat started on port 8080 (http) with context path '/'
2025-10-28T17:47:15.854+03:00  INFO 1216843 --- [bigsofa-backend] [           main] c.b.backend.BigsofaBackendApplication    : Started BigsofaBackendApplication in 5.144 seconds (process running for 5.5)
Hibernate: 
    select
        fc1_0.id,
        fc1_0.name 
    from
        furniture_category fc1_0 
    where
        upper(fc1_0.name)=upper(?)
Hibernate: 
    select
        fc1_0.id,
        fc1_0.name 
    from
        furniture_category fc1_0 
    where
        upper(fc1_0.name)=upper(?)
Hibernate: 
    select
        fc1_0.id,
        fc1_0.name 
    from
        furniture_category fc1_0 
    where
        upper(fc1_0.name)=upper(?)
2025-10-28T17:50:03.427+03:00  INFO 1216843 --- [bigsofa-backend] [ionShutdownHook] o.s.b.w.e.tomcat.GracefulShutdown        : Commencing graceful shutdown. Waiting for active requests to complete
2025-10-28T17:50:03.429+03:00  INFO 1216843 --- [bigsofa-backend] [tomcat-shutdown] o.s.b.w.e.tomcat.GracefulShutdown        : Graceful shutdown complete
2025-10-28T17:50:03.433+03:00  INFO 1216843 --- [bigsofa-backend] [ionShutdownHook] j.LocalContainerEntityManagerFactoryBean : Closing JPA EntityManagerFactory for persistence unit 'default'
2025-10-28T17:50:03.434+03:00  INFO 1216843 --- [bigsofa-backend] [ionShutdownHook] com.zaxxer.hikari.HikariDataSource       : HikariPool-1 - Shutdown initiated...
2025-10-28T17:50:03.448+03:00  INFO 1216843 --- [bigsofa-backend] [ionShutdownHook] com.zaxxer.hikari.HikariDataSource       : HikariPool-1 - Shutdown completed.
[INFO] ------------------------------------------------------------------------
[INFO] BUILD SUCCESS
[INFO] ------------------------------------------------------------------------
[INFO] Total time:  02:54 min
[INFO] Finished at: 2025-10-28T17:50:03+03:00
[INFO] ------------------------------------------------------------------------
